<?xml version="1.0" encoding="UTF-8"?>
<!-- Generated by org.testng.reporters.JUnitReportReporter -->
<testsuite hostname="SYS0018" name="base.Base" tests="3" failures="0" timestamp="27 Aug 2014 09:57:56 GMT" time="50.080" errors="0">
  <testcase name="module2tc1" time="15.699" classname="base.Base"/>
  <testcase name="module1tc1" time="23.363" classname="base.Base"/>
  <testcase name="module1tc2" time="11.018" classname="base.Base"/>
</testsuite> <!-- base.Base -->
